<?xml version="1.0" encoding="UTF-8"?>
<!-- Generated by org.testng.reporters.JUnitReportReporter -->
<testsuite hostname="User" name="TestCases.AppiumTest" tests="2" failures="0" timestamp="16 Mar 2019 09:37:53 GMT" time="0.001" errors="0">
  <testcase name="postJira" time="0.000" classname="TestCases.AppiumTest"/>
  <testcase name="deleteTwitter" time="0.001" classname="TestCases.AppiumTest"/>
</testsuite> <!-- TestCases.AppiumTest -->
