<?xml version="1.0" encoding="UTF-8"?>
<!-- Generated by org.testng.reporters.JUnitReportReporter -->
<testsuite hostname="User" name="TestCases.RestApiTest" tests="2" failures="0" timestamp="16 Mar 2019 09:37:53 GMT" time="0.025" errors="0">
  <testcase name="iosApp" time="0.025" classname="TestCases.RestApiTest"/>
  <testcase name="nativeAndroid" time="0.000" classname="TestCases.RestApiTest"/>
</testsuite> <!-- TestCases.RestApiTest -->
